<?xml version="1.0" encoding="UTF-8"?>
<testsuite xmlns:xsi="http://www.w3.org/2001/XMLSchema-instance" xsi:noNamespaceSchemaLocation="https://maven.apache.org/surefire/maven-surefire-plugin/xsd/surefire-test-report.xsd" version="3.0.1" name="TestSuite" time="59.539" tests="16" errors="0" skipped="0" failures="9">
  <properties>
[...]
</properties>
  <testcase name="runScenario[&quot;Verify all the present fields with valid input&quot;, &quot;Booking Functionality&quot;](1)" classname="com.cab.cucumber.runners.Runner" time="5.98">
    <system-out><![CDATA[2025-07-26T10:12:10.219876400Z main INFO Starting LoggerContext[name=70dea4e] with configuration XmlConfiguration[location=C:\Users\hp\eclipse-workspace\AgileQADelivery-TTP1QESA2520-Group5\src\test\java\com\cab\cucumber\config\log4j2.xml, lastModified=2025-07-25T03:52:52.248Z]...
2025-07-26T10:12:10.284175400Z main ERROR Unable to locate appender "Console" for logger config "root"
2025-07-26T10:12:10.285178800Z main INFO Starting configuration XmlConfiguration[location=C:\Users\hp\eclipse-workspace\AgileQADelivery-TTP1QESA2520-Group5\src\test\java\com\cab\cucumber\config\log4j2.xml, lastModified=2025-07-25T03:52:52.248Z]...
2025-07-26T10:12:10.285178800Z main INFO Start watching for changes to C:\Users\hp\eclipse-workspace\AgileQADelivery-TTP1QESA2520-Group5\src\test\java\com\cab\cucumber\config\log4j2.xml every 0 seconds
2025-07-26T10:12:10.285178800Z main INFO Configuration XmlConfiguration[location=C:\Users\hp\eclipse-workspace\AgileQADelivery-TTP1QESA2520-Group5\src\test\java\com\cab\cucumber\config\log4j2.xml, lastModified=2025-07-25T03:52:52.248Z] started.
2025-07-26T10:12:10.287534200Z main INFO Stopping configuration org.apache.logging.log4j.core.config.DefaultConfiguration@54107f42...
2025-07-26T10:12:10.288040Z main INFO Configuration org.apache.logging.log4j.core.config.DefaultConfiguration@54107f42 stopped.
2025-07-26T10:12:10.289047Z main INFO LoggerContext[name=70dea4e] started with configuration XmlConfiguration[location=C:\Users\hp\eclipse-workspace\AgileQADelivery-TTP1QESA2520-Group5\src\test\java\com\cab\cucumber\config\log4j2.xml, lastModified=2025-07-25T03:52:52.248Z].

@Booking
Scenario Outline: Verify all the present fields with valid input &amp#27;[90m# src/test/java/com/cab/cucumber/features/Booking.feature:11&amp#27;[0m
  &amp#27;[32mGiven &amp#27;[0m&amp#27;[32mNavigate to Booking Page&amp#27;[0m                                 &amp#27;[90m# com.cab.cucumber.definitions.Booking.navigate_to_booking_page()&amp#27;[0m
  &amp#27;[32mWhen &amp#27;[0m&amp#27;[32mEnter all the fields with valid input for &amp#27;[0m&amp#27;[32m&amp#27;[1m"1"&amp#27;[0m             &amp#27;[90m# com.cab.cucumber.definitions.Booking.enter_all_the_fields_with_valid_input(java.lang.String)&amp#27;[0m
  &amp#27;[32mAnd &amp#27;[0m&amp#27;[32mclick the Book Now button&amp#27;[0m                                  &amp#27;[90m# com.cab.cucumber.definitions.Booking.click_the_book_now_button()&amp#27;[0m
  &amp#27;[32mThen &amp#27;[0m&amp#27;[32mverify the valid data&amp#27;[0m                                     &amp#27;[90m# com.cab.cucumber.definitions.Booking.verify_the_data()&amp#27;[0m
]]></system-out>
    <system-err><![CDATA[SLF4J: Failed to load class "org.slf4j.impl.StaticLoggerBinder".
SLF4J: Defaulting to no-operation (NOP) logger implementation
SLF4J: See http://www.slf4j.org/codes.html#StaticLoggerBinder for further details.
Jul 26, 2025 3:42:13 PM org.openqa.selenium.devtools.CdpVersionFinder findNearestMatch
WARNING: Unable to find CDP implementation matching 138
Jul 26, 2025 3:42:13 PM org.openqa.selenium.chromium.ChromiumDriver lambda$new$4
WARNING: Unable to find version of CDP to use for 138.0.7204.169. You may need to include a dependency on a specific version of the CDP using something similar to `org.seleniumhq.selenium:selenium-devtools-v86:4.29.0` where the version ("v86") matches the version of the chromium-based browser you're using and the version number of the artifact is the same as Selenium's.
]]></system-err>
  </testcase>
  <testcase name="runScenario[&quot;Verify all the present fields with valid input&quot;, &quot;Booking Functionality&quot;](2)" classname="com.cab.cucumber.runners.Runner" time="3.362">
    <system-out><![CDATA[
@Booking
Scenario Outline: Verify all the present fields with valid input &amp#27;[90m# src/test/java/com/cab/cucumber/features/Booking.feature:12&amp#27;[0m
  &amp#27;[32mGiven &amp#27;[0m&amp#27;[32mNavigate to Booking Page&amp#27;[0m                                 &amp#27;[90m# com.cab.cucumber.definitions.Booking.navigate_to_booking_page()&amp#27;[0m
  &amp#27;[32mWhen &amp#27;[0m&amp#27;[32mEnter all the fields with valid input for &amp#27;[0m&amp#27;[32m&amp#27;[1m"2"&amp#27;[0m             &amp#27;[90m# com.cab.cucumber.definitions.Booking.enter_all_the_fields_with_valid_input(java.lang.String)&amp#27;[0m
  &amp#27;[32mAnd &amp#27;[0m&amp#27;[32mclick the Book Now button&amp#27;[0m                                  &amp#27;[90m# com.cab.cucumber.definitions.Booking.click_the_book_now_button()&amp#27;[0m
  &amp#27;[32mThen &amp#27;[0m&amp#27;[32mverify the valid data&amp#27;[0m                                     &amp#27;[90m# com.cab.cucumber.definitions.Booking.verify_the_data()&amp#27;[0m
]]></system-out>
    <system-err><![CDATA[Jul 26, 2025 3:42:17 PM org.openqa.selenium.devtools.CdpVersionFinder findNearestMatch
WARNING: Unable to find CDP implementation matching 138
Jul 26, 2025 3:42:17 PM org.openqa.selenium.chromium.ChromiumDriver lambda$new$4
WARNING: Unable to find version of CDP to use for 138.0.7204.169. You may need to include a dependency on a specific version of the CDP using something similar to `org.seleniumhq.selenium:selenium-devtools-v86:4.29.0` where the version ("v86") matches the version of the chromium-based browser you're using and the version number of the artifact is the same as Selenium's.
]]></system-err>
  </testcase>
  <testcase name="runScenario[&quot;Verify all the present fields with invalid input&quot;, &quot;Booking Functionality&quot;](3)" classname="com.cab.cucumber.runners.Runner" time="3.644">
    <failure message="expected [true] but found [false]" type="java.lang.AssertionError"><![CDATA[java.lang.AssertionError: expected [true] but found [false]
	at org.testng.Assert.fail(Assert.java:111)
	at org.testng.Assert.failNotEquals(Assert.java:1578)
	at org.testng.Assert.assertTrue(Assert.java:57)
	at org.testng.Assert.assertTrue(Assert.java:67)
	at com.cab.cucumber.definitions.Booking.verify_the_invalid_data(Booking.java:79)
	at ✽.verify the invalid data(file:///C:/Users/hp/eclipse-workspace/AgileQADelivery-TTP1QESA2520-Group5/src/test/java/com/cab/cucumber/features/Booking.feature:19)
]]></failure>
    <system-out><![CDATA[
@Booking
Scenario Outline: Verify all the present fields with invalid input &amp#27;[90m# src/test/java/com/cab/cucumber/features/Booking.feature:22&amp#27;[0m
  &amp#27;[32mGiven &amp#27;[0m&amp#27;[32mNavigate to Booking Page&amp#27;[0m                                   &amp#27;[90m# com.cab.cucumber.definitions.Booking.navigate_to_booking_page()&amp#27;[0m
  &amp#27;[32mWhen &amp#27;[0m&amp#27;[32mEnter all the fields with invalid input for &amp#27;[0m&amp#27;[32m&amp#27;[1m"1"&amp#27;[0m             &amp#27;[90m# com.cab.cucumber.definitions.Booking.enter_all_the_fields_with_invalid_input(java.lang.String)&amp#27;[0m
  &amp#27;[32mAnd &amp#27;[0m&amp#27;[32mclick the Book Now button&amp#27;[0m                                    &amp#27;[90m# com.cab.cucumber.definitions.Booking.click_the_book_now_button()&amp#27;[0m
  &amp#27;[31mThen &amp#27;[0m&amp#27;[31mverify the invalid data&amp#27;[0m                                     &amp#27;[90m# com.cab.cucumber.definitions.Booking.verify_the_invalid_data()&amp#27;[0m
      &amp#27;[31mjava.lang.AssertionError: expected [true] but found [false]
      	at org.testng.Assert.fail(Assert.java:111)
      	at org.testng.Assert.failNotEquals(Assert.java:1578)
      	at org.testng.Assert.assertTrue(Assert.java:57)
      	at org.testng.Assert.assertTrue(Assert.java:67)
      	at com.cab.cucumber.definitions.Booking.verify_the_invalid_data(Booking.java:79)
      	at ✽.verify the invalid data(file:///C:/Users/hp/eclipse-workspace/AgileQADelivery-TTP1QESA2520-Group5/src/test/java/com/cab/cucumber/features/Booking.feature:19)&amp#27;[0m
]]></system-out>
    <system-err><![CDATA[Jul 26, 2025 3:42:20 PM org.openqa.selenium.devtools.CdpVersionFinder findNearestMatch
WARNING: Unable to find CDP implementation matching 138
Jul 26, 2025 3:42:20 PM org.openqa.selenium.chromium.ChromiumDriver lambda$new$4
WARNING: Unable to find version of CDP to use for 138.0.7204.169. You may need to include a dependency on a specific version of the CDP using something similar to `org.seleniumhq.selenium:selenium-devtools-v86:4.29.0` where the version ("v86") matches the version of the chromium-based browser you're using and the version number of the artifact is the same as Selenium's.
]]></system-err>
  </testcase>
  <testcase name="runScenario[&quot;Verify all the present fields with invalid input&quot;, &quot;Booking Functionality&quot;](4)" classname="com.cab.cucumber.runners.Runner" time="3.639">
    <failure message="expected [true] but found [false]" type="java.lang.AssertionError"><![CDATA[java.lang.AssertionError: expected [true] but found [false]
	at org.testng.Assert.fail(Assert.java:111)
	at org.testng.Assert.failNotEquals(Assert.java:1578)
	at org.testng.Assert.assertTrue(Assert.java:57)
	at org.testng.Assert.assertTrue(Assert.java:67)
	at com.cab.cucumber.definitions.Booking.verify_the_invalid_data(Booking.java:79)
	at ✽.verify the invalid data(file:///C:/Users/hp/eclipse-workspace/AgileQADelivery-TTP1QESA2520-Group5/src/test/java/com/cab/cucumber/features/Booking.feature:19)
]]></failure>
    <system-out><![CDATA[
@Booking
Scenario Outline: Verify all the present fields with invalid input &amp#27;[90m# src/test/java/com/cab/cucumber/features/Booking.feature:23&amp#27;[0m
  &amp#27;[32mGiven &amp#27;[0m&amp#27;[32mNavigate to Booking Page&amp#27;[0m                                   &amp#27;[90m# com.cab.cucumber.definitions.Booking.navigate_to_booking_page()&amp#27;[0m
  &amp#27;[32mWhen &amp#27;[0m&amp#27;[32mEnter all the fields with invalid input for &amp#27;[0m&amp#27;[32m&amp#27;[1m"2"&amp#27;[0m             &amp#27;[90m# com.cab.cucumber.definitions.Booking.enter_all_the_fields_with_invalid_input(java.lang.String)&amp#27;[0m
  &amp#27;[32mAnd &amp#27;[0m&amp#27;[32mclick the Book Now button&amp#27;[0m                                    &amp#27;[90m# com.cab.cucumber.definitions.Booking.click_the_book_now_button()&amp#27;[0m
  &amp#27;[31mThen &amp#27;[0m&amp#27;[31mverify the invalid data&amp#27;[0m                                     &amp#27;[90m# com.cab.cucumber.definitions.Booking.verify_the_invalid_data()&amp#27;[0m
      &amp#27;[31mjava.lang.AssertionError: expected [true] but found [false]
      	at org.testng.Assert.fail(Assert.java:111)
      	at org.testng.Assert.failNotEquals(Assert.java:1578)
      	at org.testng.Assert.assertTrue(Assert.java:57)
      	at org.testng.Assert.assertTrue(Assert.java:67)
      	at com.cab.cucumber.definitions.Booking.verify_the_invalid_data(Booking.java:79)
      	at ✽.verify the invalid data(file:///C:/Users/hp/eclipse-workspace/AgileQADelivery-TTP1QESA2520-Group5/src/test/java/com/cab/cucumber/features/Booking.feature:19)&amp#27;[0m
]]></system-out>
    <system-err><![CDATA[Jul 26, 2025 3:42:24 PM org.openqa.selenium.devtools.CdpVersionFinder findNearestMatch
WARNING: Unable to find CDP implementation matching 138
Jul 26, 2025 3:42:24 PM org.openqa.selenium.chromium.ChromiumDriver lambda$new$4
WARNING: Unable to find version of CDP to use for 138.0.7204.169. You may need to include a dependency on a specific version of the CDP using something similar to `org.seleniumhq.selenium:selenium-devtools-v86:4.29.0` where the version ("v86") matches the version of the chromium-based browser you're using and the version number of the artifact is the same as Selenium's.
]]></system-err>
  </testcase>
  <testcase name="runScenario[&quot;Verify all the present fields with invalid input&quot;, &quot;Booking Functionality&quot;](5)" classname="com.cab.cucumber.runners.Runner" time="3.866">
    <failure message="expected [true] but found [false]" type="java.lang.AssertionError"><![CDATA[java.lang.AssertionError: expected [true] but found [false]
	at org.testng.Assert.fail(Assert.java:111)
	at org.testng.Assert.failNotEquals(Assert.java:1578)
	at org.testng.Assert.assertTrue(Assert.java:57)
	at org.testng.Assert.assertTrue(Assert.java:67)
	at com.cab.cucumber.definitions.Booking.verify_the_invalid_data(Booking.java:79)
	at ✽.verify the invalid data(file:///C:/Users/hp/eclipse-workspace/AgileQADelivery-TTP1QESA2520-Group5/src/test/java/com/cab/cucumber/features/Booking.feature:19)
]]></failure>
    <system-out><![CDATA[
@Booking
Scenario Outline: Verify all the present fields with invalid input &amp#27;[90m# src/test/java/com/cab/cucumber/features/Booking.feature:24&amp#27;[0m
  &amp#27;[32mGiven &amp#27;[0m&amp#27;[32mNavigate to Booking Page&amp#27;[0m                                   &amp#27;[90m# com.cab.cucumber.definitions.Booking.navigate_to_booking_page()&amp#27;[0m
  &amp#27;[32mWhen &amp#27;[0m&amp#27;[32mEnter all the fields with invalid input for &amp#27;[0m&amp#27;[32m&amp#27;[1m"3"&amp#27;[0m             &amp#27;[90m# com.cab.cucumber.definitions.Booking.enter_all_the_fields_with_invalid_input(java.lang.String)&amp#27;[0m
  &amp#27;[32mAnd &amp#27;[0m&amp#27;[32mclick the Book Now button&amp#27;[0m                                    &amp#27;[90m# com.cab.cucumber.definitions.Booking.click_the_book_now_button()&amp#27;[0m
  &amp#27;[31mThen &amp#27;[0m&amp#27;[31mverify the invalid data&amp#27;[0m                                     &amp#27;[90m# com.cab.cucumber.definitions.Booking.verify_the_invalid_data()&amp#27;[0m
      &amp#27;[31mjava.lang.AssertionError: expected [true] but found [false]
      	at org.testng.Assert.fail(Assert.java:111)
      	at org.testng.Assert.failNotEquals(Assert.java:1578)
      	at org.testng.Assert.assertTrue(Assert.java:57)
      	at org.testng.Assert.assertTrue(Assert.java:67)
      	at com.cab.cucumber.definitions.Booking.verify_the_invalid_data(Booking.java:79)
      	at ✽.verify the invalid data(file:///C:/Users/hp/eclipse-workspace/AgileQADelivery-TTP1QESA2520-Group5/src/test/java/com/cab/cucumber/features/Booking.feature:19)&amp#27;[0m
]]></system-out>
    <system-err><![CDATA[Jul 26, 2025 3:42:28 PM org.openqa.selenium.devtools.CdpVersionFinder findNearestMatch
WARNING: Unable to find CDP implementation matching 138
Jul 26, 2025 3:42:28 PM org.openqa.selenium.chromium.ChromiumDriver lambda$new$4
WARNING: Unable to find version of CDP to use for 138.0.7204.169. You may need to include a dependency on a specific version of the CDP using something similar to `org.seleniumhq.selenium:selenium-devtools-v86:4.29.0` where the version ("v86") matches the version of the chromium-based browser you're using and the version number of the artifact is the same as Selenium's.
]]></system-err>
  </testcase>
  <testcase name="runScenario[&quot;Verify all the present fields with invalid input&quot;, &quot;Booking Functionality&quot;](6)" classname="com.cab.cucumber.runners.Runner" time="3.513">
    <failure message="expected [true] but found [false]" type="java.lang.AssertionError"><![CDATA[java.lang.AssertionError: expected [true] but found [false]
	at org.testng.Assert.fail(Assert.java:111)
	at org.testng.Assert.failNotEquals(Assert.java:1578)
	at org.testng.Assert.assertTrue(Assert.java:57)
	at org.testng.Assert.assertTrue(Assert.java:67)
	at com.cab.cucumber.definitions.Booking.verify_the_invalid_data(Booking.java:79)
	at ✽.verify the invalid data(file:///C:/Users/hp/eclipse-workspace/AgileQADelivery-TTP1QESA2520-Group5/src/test/java/com/cab/cucumber/features/Booking.feature:19)
]]></failure>
    <system-out><![CDATA[
@Booking
Scenario Outline: Verify all the present fields with invalid input &amp#27;[90m# src/test/java/com/cab/cucumber/features/Booking.feature:25&amp#27;[0m
  &amp#27;[32mGiven &amp#27;[0m&amp#27;[32mNavigate to Booking Page&amp#27;[0m                                   &amp#27;[90m# com.cab.cucumber.definitions.Booking.navigate_to_booking_page()&amp#27;[0m
  &amp#27;[32mWhen &amp#27;[0m&amp#27;[32mEnter all the fields with invalid input for &amp#27;[0m&amp#27;[32m&amp#27;[1m"4"&amp#27;[0m             &amp#27;[90m# com.cab.cucumber.definitions.Booking.enter_all_the_fields_with_invalid_input(java.lang.String)&amp#27;[0m
  &amp#27;[32mAnd &amp#27;[0m&amp#27;[32mclick the Book Now button&amp#27;[0m                                    &amp#27;[90m# com.cab.cucumber.definitions.Booking.click_the_book_now_button()&amp#27;[0m
  &amp#27;[31mThen &amp#27;[0m&amp#27;[31mverify the invalid data&amp#27;[0m                                     &amp#27;[90m# com.cab.cucumber.definitions.Booking.verify_the_invalid_data()&amp#27;[0m
      &amp#27;[31mjava.lang.AssertionError: expected [true] but found [false]
      	at org.testng.Assert.fail(Assert.java:111)
      	at org.testng.Assert.failNotEquals(Assert.java:1578)
      	at org.testng.Assert.assertTrue(Assert.java:57)
      	at org.testng.Assert.assertTrue(Assert.java:67)
      	at com.cab.cucumber.definitions.Booking.verify_the_invalid_data(Booking.java:79)
      	at ✽.verify the invalid data(file:///C:/Users/hp/eclipse-workspace/AgileQADelivery-TTP1QESA2520-Group5/src/test/java/com/cab/cucumber/features/Booking.feature:19)&amp#27;[0m
]]></system-out>
    <system-err><![CDATA[Jul 26, 2025 3:42:31 PM org.openqa.selenium.devtools.CdpVersionFinder findNearestMatch
WARNING: Unable to find CDP implementation matching 138
Jul 26, 2025 3:42:31 PM org.openqa.selenium.chromium.ChromiumDriver lambda$new$4
WARNING: Unable to find version of CDP to use for 138.0.7204.169. You may need to include a dependency on a specific version of the CDP using something similar to `org.seleniumhq.selenium:selenium-devtools-v86:4.29.0` where the version ("v86") matches the version of the chromium-based browser you're using and the version number of the artifact is the same as Selenium's.
]]></system-err>
  </testcase>
  <testcase name="runScenario[&quot;Verify all the present fields with invalid input&quot;, &quot;Booking Functionality&quot;](7)" classname="com.cab.cucumber.runners.Runner" time="3.309">
    <failure message="expected [true] but found [false]" type="java.lang.AssertionError"><![CDATA[java.lang.AssertionError: expected [true] but found [false]
	at org.testng.Assert.fail(Assert.java:111)
	at org.testng.Assert.failNotEquals(Assert.java:1578)
	at org.testng.Assert.assertTrue(Assert.java:57)
	at org.testng.Assert.assertTrue(Assert.java:67)
	at com.cab.cucumber.definitions.Booking.verify_the_invalid_data(Booking.java:79)
	at ✽.verify the invalid data(file:///C:/Users/hp/eclipse-workspace/AgileQADelivery-TTP1QESA2520-Group5/src/test/java/com/cab/cucumber/features/Booking.feature:19)
]]></failure>
    <system-out><![CDATA[
@Booking
Scenario Outline: Verify all the present fields with invalid input &amp#27;[90m# src/test/java/com/cab/cucumber/features/Booking.feature:26&amp#27;[0m
  &amp#27;[32mGiven &amp#27;[0m&amp#27;[32mNavigate to Booking Page&amp#27;[0m                                   &amp#27;[90m# com.cab.cucumber.definitions.Booking.navigate_to_booking_page()&amp#27;[0m
  &amp#27;[32mWhen &amp#27;[0m&amp#27;[32mEnter all the fields with invalid input for &amp#27;[0m&amp#27;[32m&amp#27;[1m"5"&amp#27;[0m             &amp#27;[90m# com.cab.cucumber.definitions.Booking.enter_all_the_fields_with_invalid_input(java.lang.String)&amp#27;[0m
  &amp#27;[32mAnd &amp#27;[0m&amp#27;[32mclick the Book Now button&amp#27;[0m                                    &amp#27;[90m# com.cab.cucumber.definitions.Booking.click_the_book_now_button()&amp#27;[0m
  &amp#27;[31mThen &amp#27;[0m&amp#27;[31mverify the invalid data&amp#27;[0m                                     &amp#27;[90m# com.cab.cucumber.definitions.Booking.verify_the_invalid_data()&amp#27;[0m
      &amp#27;[31mjava.lang.AssertionError: expected [true] but found [false]
      	at org.testng.Assert.fail(Assert.java:111)
      	at org.testng.Assert.failNotEquals(Assert.java:1578)
      	at org.testng.Assert.assertTrue(Assert.java:57)
      	at org.testng.Assert.assertTrue(Assert.java:67)
      	at com.cab.cucumber.definitions.Booking.verify_the_invalid_data(Booking.java:79)
      	at ✽.verify the invalid data(file:///C:/Users/hp/eclipse-workspace/AgileQADelivery-TTP1QESA2520-Group5/src/test/java/com/cab/cucumber/features/Booking.feature:19)&amp#27;[0m
]]></system-out>
    <system-err><![CDATA[Jul 26, 2025 3:42:35 PM org.openqa.selenium.devtools.CdpVersionFinder findNearestMatch
WARNING: Unable to find CDP implementation matching 138
Jul 26, 2025 3:42:35 PM org.openqa.selenium.chromium.ChromiumDriver lambda$new$4
WARNING: Unable to find version of CDP to use for 138.0.7204.169. You may need to include a dependency on a specific version of the CDP using something similar to `org.seleniumhq.selenium:selenium-devtools-v86:4.29.0` where the version ("v86") matches the version of the chromium-based browser you're using and the version number of the artifact is the same as Selenium's.
]]></system-err>
  </testcase>
  <testcase name="runScenario[&quot;Verify all the present fields with invalid input&quot;, &quot;Booking Functionality&quot;](8)" classname="com.cab.cucumber.runners.Runner" time="3.252">
    <failure message="expected [true] but found [false]" type="java.lang.AssertionError"><![CDATA[java.lang.AssertionError: expected [true] but found [false]
	at org.testng.Assert.fail(Assert.java:111)
	at org.testng.Assert.failNotEquals(Assert.java:1578)
	at org.testng.Assert.assertTrue(Assert.java:57)
	at org.testng.Assert.assertTrue(Assert.java:67)
	at com.cab.cucumber.definitions.Booking.verify_the_invalid_data(Booking.java:79)
	at ✽.verify the invalid data(file:///C:/Users/hp/eclipse-workspace/AgileQADelivery-TTP1QESA2520-Group5/src/test/java/com/cab/cucumber/features/Booking.feature:19)
]]></failure>
    <system-out><![CDATA[
@Booking
Scenario Outline: Verify all the present fields with invalid input &amp#27;[90m# src/test/java/com/cab/cucumber/features/Booking.feature:27&amp#27;[0m
  &amp#27;[32mGiven &amp#27;[0m&amp#27;[32mNavigate to Booking Page&amp#27;[0m                                   &amp#27;[90m# com.cab.cucumber.definitions.Booking.navigate_to_booking_page()&amp#27;[0m
  &amp#27;[32mWhen &amp#27;[0m&amp#27;[32mEnter all the fields with invalid input for &amp#27;[0m&amp#27;[32m&amp#27;[1m"6"&amp#27;[0m             &amp#27;[90m# com.cab.cucumber.definitions.Booking.enter_all_the_fields_with_invalid_input(java.lang.String)&amp#27;[0m
  &amp#27;[32mAnd &amp#27;[0m&amp#27;[32mclick the Book Now button&amp#27;[0m                                    &amp#27;[90m# com.cab.cucumber.definitions.Booking.click_the_book_now_button()&amp#27;[0m
  &amp#27;[31mThen &amp#27;[0m&amp#27;[31mverify the invalid data&amp#27;[0m                                     &amp#27;[90m# com.cab.cucumber.definitions.Booking.verify_the_invalid_data()&amp#27;[0m
      &amp#27;[31mjava.lang.AssertionError: expected [true] but found [false]
      	at org.testng.Assert.fail(Assert.java:111)
      	at org.testng.Assert.failNotEquals(Assert.java:1578)
      	at org.testng.Assert.assertTrue(Assert.java:57)
      	at org.testng.Assert.assertTrue(Assert.java:67)
      	at com.cab.cucumber.definitions.Booking.verify_the_invalid_data(Booking.java:79)
      	at ✽.verify the invalid data(file:///C:/Users/hp/eclipse-workspace/AgileQADelivery-TTP1QESA2520-Group5/src/test/java/com/cab/cucumber/features/Booking.feature:19)&amp#27;[0m
]]></system-out>
    <system-err><![CDATA[Jul 26, 2025 3:42:38 PM org.openqa.selenium.devtools.CdpVersionFinder findNearestMatch
WARNING: Unable to find CDP implementation matching 138
Jul 26, 2025 3:42:38 PM org.openqa.selenium.chromium.ChromiumDriver lambda$new$4
WARNING: Unable to find version of CDP to use for 138.0.7204.169. You may need to include a dependency on a specific version of the CDP using something similar to `org.seleniumhq.selenium:selenium-devtools-v86:4.29.0` where the version ("v86") matches the version of the chromium-based browser you're using and the version number of the artifact is the same as Selenium's.
]]></system-err>
  </testcase>
  <testcase name="runScenario[&quot;Verify all the present fields with invalid input&quot;, &quot;Booking Functionality&quot;](9)" classname="com.cab.cucumber.runners.Runner" time="3.373">
    <failure message="expected [true] but found [false]" type="java.lang.AssertionError"><![CDATA[java.lang.AssertionError: expected [true] but found [false]
	at org.testng.Assert.fail(Assert.java:111)
	at org.testng.Assert.failNotEquals(Assert.java:1578)
	at org.testng.Assert.assertTrue(Assert.java:57)
	at org.testng.Assert.assertTrue(Assert.java:67)
	at com.cab.cucumber.definitions.Booking.verify_the_invalid_data(Booking.java:79)
	at ✽.verify the invalid data(file:///C:/Users/hp/eclipse-workspace/AgileQADelivery-TTP1QESA2520-Group5/src/test/java/com/cab/cucumber/features/Booking.feature:19)
]]></failure>
    <system-out><![CDATA[
@Booking
Scenario Outline: Verify all the present fields with invalid input &amp#27;[90m# src/test/java/com/cab/cucumber/features/Booking.feature:28&amp#27;[0m
  &amp#27;[32mGiven &amp#27;[0m&amp#27;[32mNavigate to Booking Page&amp#27;[0m                                   &amp#27;[90m# com.cab.cucumber.definitions.Booking.navigate_to_booking_page()&amp#27;[0m
  &amp#27;[32mWhen &amp#27;[0m&amp#27;[32mEnter all the fields with invalid input for &amp#27;[0m&amp#27;[32m&amp#27;[1m"7"&amp#27;[0m             &amp#27;[90m# com.cab.cucumber.definitions.Booking.enter_all_the_fields_with_invalid_input(java.lang.String)&amp#27;[0m
  &amp#27;[32mAnd &amp#27;[0m&amp#27;[32mclick the Book Now button&amp#27;[0m                                    &amp#27;[90m# com.cab.cucumber.definitions.Booking.click_the_book_now_button()&amp#27;[0m
  &amp#27;[31mThen &amp#27;[0m&amp#27;[31mverify the invalid data&amp#27;[0m                                     &amp#27;[90m# com.cab.cucumber.definitions.Booking.verify_the_invalid_data()&amp#27;[0m
      &amp#27;[31mjava.lang.AssertionError: expected [true] but found [false]
      	at org.testng.Assert.fail(Assert.java:111)
      	at org.testng.Assert.failNotEquals(Assert.java:1578)
      	at org.testng.Assert.assertTrue(Assert.java:57)
      	at org.testng.Assert.assertTrue(Assert.java:67)
      	at com.cab.cucumber.definitions.Booking.verify_the_invalid_data(Booking.java:79)
      	at ✽.verify the invalid data(file:///C:/Users/hp/eclipse-workspace/AgileQADelivery-TTP1QESA2520-Group5/src/test/java/com/cab/cucumber/features/Booking.feature:19)&amp#27;[0m
]]></system-out>
    <system-err><![CDATA[Jul 26, 2025 3:42:41 PM org.openqa.selenium.devtools.CdpVersionFinder findNearestMatch
WARNING: Unable to find CDP implementation matching 138
Jul 26, 2025 3:42:41 PM org.openqa.selenium.chromium.ChromiumDriver lambda$new$4
WARNING: Unable to find version of CDP to use for 138.0.7204.169. You may need to include a dependency on a specific version of the CDP using something similar to `org.seleniumhq.selenium:selenium-devtools-v86:4.29.0` where the version ("v86") matches the version of the chromium-based browser you're using and the version number of the artifact is the same as Selenium's.
]]></system-err>
  </testcase>
  <testcase name="runScenario[&quot;Verify all the present fields with invalid input&quot;, &quot;Booking Functionality&quot;](10)" classname="com.cab.cucumber.runners.Runner" time="3.28">
    <failure message="expected [true] but found [false]" type="java.lang.AssertionError"><![CDATA[java.lang.AssertionError: expected [true] but found [false]
	at org.testng.Assert.fail(Assert.java:111)
	at org.testng.Assert.failNotEquals(Assert.java:1578)
	at org.testng.Assert.assertTrue(Assert.java:57)
	at org.testng.Assert.assertTrue(Assert.java:67)
	at com.cab.cucumber.definitions.Booking.verify_the_invalid_data(Booking.java:79)
	at ✽.verify the invalid data(file:///C:/Users/hp/eclipse-workspace/AgileQADelivery-TTP1QESA2520-Group5/src/test/java/com/cab/cucumber/features/Booking.feature:19)
]]></failure>
    <system-out><![CDATA[
@Booking
Scenario Outline: Verify all the present fields with invalid input &amp#27;[90m# src/test/java/com/cab/cucumber/features/Booking.feature:29&amp#27;[0m
  &amp#27;[32mGiven &amp#27;[0m&amp#27;[32mNavigate to Booking Page&amp#27;[0m                                   &amp#27;[90m# com.cab.cucumber.definitions.Booking.navigate_to_booking_page()&amp#27;[0m
  &amp#27;[32mWhen &amp#27;[0m&amp#27;[32mEnter all the fields with invalid input for &amp#27;[0m&amp#27;[32m&amp#27;[1m"8"&amp#27;[0m             &amp#27;[90m# com.cab.cucumber.definitions.Booking.enter_all_the_fields_with_invalid_input(java.lang.String)&amp#27;[0m
  &amp#27;[32mAnd &amp#27;[0m&amp#27;[32mclick the Book Now button&amp#27;[0m                                    &amp#27;[90m# com.cab.cucumber.definitions.Booking.click_the_book_now_button()&amp#27;[0m
  &amp#27;[31mThen &amp#27;[0m&amp#27;[31mverify the invalid data&amp#27;[0m                                     &amp#27;[90m# com.cab.cucumber.definitions.Booking.verify_the_invalid_data()&amp#27;[0m
      &amp#27;[31mjava.lang.AssertionError: expected [true] but found [false]
      	at org.testng.Assert.fail(Assert.java:111)
      	at org.testng.Assert.failNotEquals(Assert.java:1578)
      	at org.testng.Assert.assertTrue(Assert.java:57)
      	at org.testng.Assert.assertTrue(Assert.java:67)
      	at com.cab.cucumber.definitions.Booking.verify_the_invalid_data(Booking.java:79)
      	at ✽.verify the invalid data(file:///C:/Users/hp/eclipse-workspace/AgileQADelivery-TTP1QESA2520-Group5/src/test/java/com/cab/cucumber/features/Booking.feature:19)&amp#27;[0m
]]></system-out>
    <system-err><![CDATA[Jul 26, 2025 3:42:45 PM org.openqa.selenium.devtools.CdpVersionFinder findNearestMatch
WARNING: Unable to find CDP implementation matching 138
Jul 26, 2025 3:42:45 PM org.openqa.selenium.chromium.ChromiumDriver lambda$new$4
WARNING: Unable to find version of CDP to use for 138.0.7204.169. You may need to include a dependency on a specific version of the CDP using something similar to `org.seleniumhq.selenium:selenium-devtools-v86:4.29.0` where the version ("v86") matches the version of the chromium-based browser you're using and the version number of the artifact is the same as Selenium's.
]]></system-err>
  </testcase>
  <testcase name="runScenario[&quot;Verify all the present fields with invalid input&quot;, &quot;Booking Functionality&quot;](11)" classname="com.cab.cucumber.runners.Runner" time="3.334">
    <failure message="expected [true] but found [false]" type="java.lang.AssertionError"><![CDATA[java.lang.AssertionError: expected [true] but found [false]
	at org.testng.Assert.fail(Assert.java:111)
	at org.testng.Assert.failNotEquals(Assert.java:1578)
	at org.testng.Assert.assertTrue(Assert.java:57)
	at org.testng.Assert.assertTrue(Assert.java:67)
	at com.cab.cucumber.definitions.Booking.verify_the_invalid_data(Booking.java:79)
	at ✽.verify the invalid data(file:///C:/Users/hp/eclipse-workspace/AgileQADelivery-TTP1QESA2520-Group5/src/test/java/com/cab/cucumber/features/Booking.feature:19)
]]></failure>
    <system-out><![CDATA[
@Booking
Scenario Outline: Verify all the present fields with invalid input &amp#27;[90m# src/test/java/com/cab/cucumber/features/Booking.feature:30&amp#27;[0m
  &amp#27;[32mGiven &amp#27;[0m&amp#27;[32mNavigate to Booking Page&amp#27;[0m                                   &amp#27;[90m# com.cab.cucumber.definitions.Booking.navigate_to_booking_page()&amp#27;[0m
  &amp#27;[32mWhen &amp#27;[0m&amp#27;[32mEnter all the fields with invalid input for &amp#27;[0m&amp#27;[32m&amp#27;[1m"9"&amp#27;[0m             &amp#27;[90m# com.cab.cucumber.definitions.Booking.enter_all_the_fields_with_invalid_input(java.lang.String)&amp#27;[0m
  &amp#27;[32mAnd &amp#27;[0m&amp#27;[32mclick the Book Now button&amp#27;[0m                                    &amp#27;[90m# com.cab.cucumber.definitions.Booking.click_the_book_now_button()&amp#27;[0m
  &amp#27;[31mThen &amp#27;[0m&amp#27;[31mverify the invalid data&amp#27;[0m                                     &amp#27;[90m# com.cab.cucumber.definitions.Booking.verify_the_invalid_data()&amp#27;[0m
      &amp#27;[31mjava.lang.AssertionError: expected [true] but found [false]
      	at org.testng.Assert.fail(Assert.java:111)
      	at org.testng.Assert.failNotEquals(Assert.java:1578)
      	at org.testng.Assert.assertTrue(Assert.java:57)
      	at org.testng.Assert.assertTrue(Assert.java:67)
      	at com.cab.cucumber.definitions.Booking.verify_the_invalid_data(Booking.java:79)
      	at ✽.verify the invalid data(file:///C:/Users/hp/eclipse-workspace/AgileQADelivery-TTP1QESA2520-Group5/src/test/java/com/cab/cucumber/features/Booking.feature:19)&amp#27;[0m
]]></system-out>
    <system-err><![CDATA[Jul 26, 2025 3:42:48 PM org.openqa.selenium.devtools.CdpVersionFinder findNearestMatch
WARNING: Unable to find CDP implementation matching 138
Jul 26, 2025 3:42:48 PM org.openqa.selenium.chromium.ChromiumDriver lambda$new$4
WARNING: Unable to find version of CDP to use for 138.0.7204.169. You may need to include a dependency on a specific version of the CDP using something similar to `org.seleniumhq.selenium:selenium-devtools-v86:4.29.0` where the version ("v86") matches the version of the chromium-based browser you're using and the version number of the artifact is the same as Selenium's.
]]></system-err>
  </testcase>
  <testcase name="runScenario[&quot;Verify all the present fields with blank input&quot;, &quot;Booking Functionality&quot;](12)" classname="com.cab.cucumber.runners.Runner" time="7.127">
    <system-out><![CDATA[
@Booking
Scenario: Verify all the present fields with blank input &amp#27;[90m# src/test/java/com/cab/cucumber/features/Booking.feature:32&amp#27;[0m
  &amp#27;[32mGiven &amp#27;[0m&amp#27;[32mNavigate to Booking Page&amp#27;[0m                         &amp#27;[90m# com.cab.cucumber.definitions.Booking.navigate_to_booking_page()&amp#27;[0m
  &amp#27;[32mWhen &amp#27;[0m&amp#27;[32mclick the Book Now button with blank data&amp#27;[0m         &amp#27;[90m# com.cab.cucumber.definitions.Booking.click_the_book_now_button_with_blank_data()&amp#27;[0m
  &amp#27;[32mThen &amp#27;[0m&amp#27;[32mverify blank data&amp#27;[0m                                 &amp#27;[90m# com.cab.cucumber.definitions.Booking.verify_blank_data()&amp#27;[0m
]]></system-out>
    <system-err><![CDATA[Jul 26, 2025 3:42:51 PM org.openqa.selenium.devtools.CdpVersionFinder findNearestMatch
WARNING: Unable to find CDP implementation matching 138
Jul 26, 2025 3:42:51 PM org.openqa.selenium.chromium.ChromiumDriver lambda$new$4
WARNING: Unable to find version of CDP to use for 138.0.7204.169. You may need to include a dependency on a specific version of the CDP using something similar to `org.seleniumhq.selenium:selenium-devtools-v86:4.29.0` where the version ("v86") matches the version of the chromium-based browser you're using and the version number of the artifact is the same as Selenium's.
]]></system-err>
  </testcase>
  <testcase name="runScenario[&quot;Verify Mini Car Service Link&quot;, &quot;cab services&quot;](13)" classname="com.cab.cucumber.runners.Runner" time="2.606">
    <system-out><![CDATA[
@Services
Scenario Outline: Verify Mini Car Service Link                                        &amp#27;[90m# src/test/java/com/cab/cucumber/features/Services.feature:13&amp#27;[0m
  &amp#27;[32mGiven &amp#27;[0m&amp#27;[32mNavigate to Services Page&amp#27;[0m                                                     &amp#27;[90m# com.cab.cucumber.definitions.Services.navigate_to_services_page()&amp#27;[0m
  &amp#27;[32mWhen &amp#27;[0m&amp#27;[32mI click the &amp#27;[0m&amp#27;[32m&amp#27;[1m"Mini"&amp#27;[0m&amp#27;[32m cab service link&amp#27;[0m                                            &amp#27;[90m# com.cab.cucumber.definitions.Services.i_click_the_mini_cab_service_link(java.lang.String)&amp#27;[0m
  &amp#27;[32mThen &amp#27;[0m&amp#27;[32mverify the car image and details for the &amp#27;[0m&amp#27;[32m&amp#27;[1m"Mini"&amp#27;[0m&amp#27;[32m which contains the &amp#27;[0m&amp#27;[32m&amp#27;[1m"Mini Cars"&amp#27;[0m &amp#27;[90m# com.cab.cucumber.definitions.Services.verify_the_car_image_and_details_for_the_mini(java.lang.String,java.lang.String)&amp#27;[0m
]]></system-out>
    <system-err><![CDATA[Jul 26, 2025 3:42:58 PM org.openqa.selenium.devtools.CdpVersionFinder findNearestMatch
WARNING: Unable to find CDP implementation matching 138
Jul 26, 2025 3:42:58 PM org.openqa.selenium.chromium.ChromiumDriver lambda$new$4
WARNING: Unable to find version of CDP to use for 138.0.7204.169. You may need to include a dependency on a specific version of the CDP using something similar to `org.seleniumhq.selenium:selenium-devtools-v86:4.29.0` where the version ("v86") matches the version of the chromium-based browser you're using and the version number of the artifact is the same as Selenium's.
]]></system-err>
  </testcase>
  <testcase name="runScenario[&quot;Verify Mini Car Service Link&quot;, &quot;cab services&quot;](14)" classname="com.cab.cucumber.runners.Runner" time="2.47">
    <system-out><![CDATA[
@Services
Scenario Outline: Verify Mini Car Service Link                                          &amp#27;[90m# src/test/java/com/cab/cucumber/features/Services.feature:14&amp#27;[0m
  &amp#27;[32mGiven &amp#27;[0m&amp#27;[32mNavigate to Services Page&amp#27;[0m                                                       &amp#27;[90m# com.cab.cucumber.definitions.Services.navigate_to_services_page()&amp#27;[0m
  &amp#27;[32mWhen &amp#27;[0m&amp#27;[32mI click the &amp#27;[0m&amp#27;[32m&amp#27;[1m"Micro"&amp#27;[0m&amp#27;[32m cab service link&amp#27;[0m                                             &amp#27;[90m# com.cab.cucumber.definitions.Services.i_click_the_mini_cab_service_link(java.lang.String)&amp#27;[0m
  &amp#27;[32mThen &amp#27;[0m&amp#27;[32mverify the car image and details for the &amp#27;[0m&amp#27;[32m&amp#27;[1m"Micro"&amp#27;[0m&amp#27;[32m which contains the &amp#27;[0m&amp#27;[32m&amp#27;[1m"Micro Cars"&amp#27;[0m &amp#27;[90m# com.cab.cucumber.definitions.Services.verify_the_car_image_and_details_for_the_mini(java.lang.String,java.lang.String)&amp#27;[0m
]]></system-out>
    <system-err><![CDATA[Jul 26, 2025 3:43:01 PM org.openqa.selenium.devtools.CdpVersionFinder findNearestMatch
WARNING: Unable to find CDP implementation matching 138
Jul 26, 2025 3:43:01 PM org.openqa.selenium.chromium.ChromiumDriver lambda$new$4
WARNING: Unable to find version of CDP to use for 138.0.7204.169. You may need to include a dependency on a specific version of the CDP using something similar to `org.seleniumhq.selenium:selenium-devtools-v86:4.29.0` where the version ("v86") matches the version of the chromium-based browser you're using and the version number of the artifact is the same as Selenium's.
]]></system-err>
  </testcase>
  <testcase name="runScenario[&quot;Verify Mini Car Service Link&quot;, &quot;cab services&quot;](15)" classname="com.cab.cucumber.runners.Runner" time="2.513">
    <system-out><![CDATA[
@Services
Scenario Outline: Verify Mini Car Service Link                                      &amp#27;[90m# src/test/java/com/cab/cucumber/features/Services.feature:15&amp#27;[0m
  &amp#27;[32mGiven &amp#27;[0m&amp#27;[32mNavigate to Services Page&amp#27;[0m                                                   &amp#27;[90m# com.cab.cucumber.definitions.Services.navigate_to_services_page()&amp#27;[0m
  &amp#27;[32mWhen &amp#27;[0m&amp#27;[32mI click the &amp#27;[0m&amp#27;[32m&amp#27;[1m"SUV"&amp#27;[0m&amp#27;[32m cab service link&amp#27;[0m                                           &amp#27;[90m# com.cab.cucumber.definitions.Services.i_click_the_mini_cab_service_link(java.lang.String)&amp#27;[0m
  &amp#27;[32mThen &amp#27;[0m&amp#27;[32mverify the car image and details for the &amp#27;[0m&amp#27;[32m&amp#27;[1m"SUV"&amp#27;[0m&amp#27;[32m which contains the &amp#27;[0m&amp#27;[32m&amp#27;[1m"Suv Cars"&amp#27;[0m &amp#27;[90m# com.cab.cucumber.definitions.Services.verify_the_car_image_and_details_for_the_mini(java.lang.String,java.lang.String)&amp#27;[0m
]]></system-out>
    <system-err><![CDATA[Jul 26, 2025 3:43:04 PM org.openqa.selenium.devtools.CdpVersionFinder findNearestMatch
WARNING: Unable to find CDP implementation matching 138
Jul 26, 2025 3:43:04 PM org.openqa.selenium.chromium.ChromiumDriver lambda$new$4
WARNING: Unable to find version of CDP to use for 138.0.7204.169. You may need to include a dependency on a specific version of the CDP using something similar to `org.seleniumhq.selenium:selenium-devtools-v86:4.29.0` where the version ("v86") matches the version of the chromium-based browser you're using and the version number of the artifact is the same as Selenium's.
]]></system-err>
  </testcase>
  <testcase name="runScenario[&quot;Verify Mini Car Service Link&quot;, &quot;cab services&quot;](16)" classname="com.cab.cucumber.runners.Runner" time="2.512">
    <system-out><![CDATA[
@Services
Scenario Outline: Verify Mini Car Service Link                                          &amp#27;[90m# src/test/java/com/cab/cucumber/features/Services.feature:16&amp#27;[0m
  &amp#27;[32mGiven &amp#27;[0m&amp#27;[32mNavigate to Services Page&amp#27;[0m                                                       &amp#27;[90m# com.cab.cucumber.definitions.Services.navigate_to_services_page()&amp#27;[0m
  &amp#27;[32mWhen &amp#27;[0m&amp#27;[32mI click the &amp#27;[0m&amp#27;[32m&amp#27;[1m"Sedan"&amp#27;[0m&amp#27;[32m cab service link&amp#27;[0m                                             &amp#27;[90m# com.cab.cucumber.definitions.Services.i_click_the_mini_cab_service_link(java.lang.String)&amp#27;[0m
  &amp#27;[32mThen &amp#27;[0m&amp#27;[32mverify the car image and details for the &amp#27;[0m&amp#27;[32m&amp#27;[1m"Sedan"&amp#27;[0m&amp#27;[32m which contains the &amp#27;[0m&amp#27;[32m&amp#27;[1m"Sedan Cars"&amp#27;[0m &amp#27;[90m# com.cab.cucumber.definitions.Services.verify_the_car_image_and_details_for_the_mini(java.lang.String,java.lang.String)&amp#27;[0m
]]></system-out>
    <system-err><![CDATA[Jul 26, 2025 3:43:06 PM org.openqa.selenium.devtools.CdpVersionFinder findNearestMatch
WARNING: Unable to find CDP implementation matching 138
Jul 26, 2025 3:43:06 PM org.openqa.selenium.chromium.ChromiumDriver lambda$new$4
WARNING: Unable to find version of CDP to use for 138.0.7204.169. You may need to include a dependency on a specific version of the CDP using something similar to `org.seleniumhq.selenium:selenium-devtools-v86:4.29.0` where the version ("v86") matches the version of the chromium-based browser you're using and the version number of the artifact is the same as Selenium's.
]]></system-err>
  </testcase>
</testsuite>