<?xml version="1.0" encoding="UTF-8"?>
<testng-results ignored="0" total="16" passed="7" failed="9" skipped="0">
  <reporter-output>
  </reporter-output>
  <suite started-at="2025-08-04T10:03:19 IST" name="Default suite" finished-at="2025-08-04T10:04:17 IST" duration-ms="58167">
    <groups>
      <group name="cucumber">
        <method signature="AbstractTestNGCucumberTests.runScenario(io.cucumber.testng.PickleWrapper,io.cucumber.testng.FeatureWrapper)[pri:0, instance:com.cab.cucumber.runners.RunnerUsingTestNG@b2c9a9c]" name="runScenario" class="io.cucumber.testng.AbstractTestNGCucumberTests"/>
      </group> <!-- cucumber -->
    </groups>
    <test started-at="2025-08-04T10:03:19 IST" name="Default test" finished-at="2025-08-04T10:04:17 IST" duration-ms="58167">
      <class name="com.cab.cucumber.runners.RunnerUsingTestNG">
        <test-method is-config="true" signature="setUpClass(org.testng.ITestContext)[pri:0, instance:com.cab.cucumber.runners.RunnerUsingTestNG@b2c9a9c]" started-at="2025-08-04T10:03:19 IST" name="setUpClass" finished-at="2025-08-04T10:03:20 IST" duration-ms="1148" status="PASS">
          <params>
            <param index="0">
              <value>
                <![CDATA[org.testng.TestRunner@4cd079fe]]>
              </value>
            </param>
          </params>
          <reporter-output>
          </reporter-output>
        </test-method> <!-- setUpClass -->
        <test-method signature="runScenario(io.cucumber.testng.PickleWrapper,io.cucumber.testng.FeatureWrapper)[pri:0, instance:com.cab.cucumber.runners.RunnerUsingTestNG@b2c9a9c]" started-at="2025-08-04T10:03:20 IST" name="runScenario" description="Runs Cucumber Scenarios" data-provider="scenarios" finished-at="2025-08-04T10:03:28 IST" duration-ms="7631" status="PASS">
          <params>
            <param index="0">
              <value>
                <![CDATA["Verify all the present fields with valid input"]]>
              </value>
            </param>
            <param index="1">
              <value>
                <![CDATA["Booking Functionality"]]>
              </value>
            </param>
          </params>
          <reporter-output>
          </reporter-output>
        </test-method> <!-- runScenario -->
        <test-method signature="runScenario(io.cucumber.testng.PickleWrapper,io.cucumber.testng.FeatureWrapper)[pri:0, instance:com.cab.cucumber.runners.RunnerUsingTestNG@b2c9a9c]" started-at="2025-08-04T10:03:28 IST" name="runScenario" description="Runs Cucumber Scenarios" data-provider="scenarios" finished-at="2025-08-04T10:03:31 IST" duration-ms="3123" status="PASS">
          <params>
            <param index="0">
              <value>
                <![CDATA["Verify all the present fields with valid input"]]>
              </value>
            </param>
            <param index="1">
              <value>
                <![CDATA["Booking Functionality"]]>
              </value>
            </param>
          </params>
          <reporter-output>
          </reporter-output>
        </test-method> <!-- runScenario -->
        <test-method signature="runScenario(io.cucumber.testng.PickleWrapper,io.cucumber.testng.FeatureWrapper)[pri:0, instance:com.cab.cucumber.runners.RunnerUsingTestNG@b2c9a9c]" started-at="2025-08-04T10:03:31 IST" name="runScenario" description="Runs Cucumber Scenarios" data-provider="scenarios" finished-at="2025-08-04T10:03:34 IST" duration-ms="3197" status="FAIL">
          <params>
            <param index="0">
              <value>
                <![CDATA["Verify all the present fields with invalid input"]]>
              </value>
            </param>
            <param index="1">
              <value>
                <![CDATA["Booking Functionality"]]>
              </value>
            </param>
          </params>
          <exception class="java.lang.AssertionError">
            <message>
              <![CDATA[expected [true] but found [false]]]>
            </message>
            <full-stacktrace>
              <![CDATA[java.lang.AssertionError: expected [true] but found [false]
at org.testng.Assert.fail(Assert.java:111)
at org.testng.Assert.failNotEquals(Assert.java:1578)
at org.testng.Assert.assertTrue(Assert.java:57)
at org.testng.Assert.assertTrue(Assert.java:67)
at com.cab.cucumber.definitions.Booking.verify_the_invalid_data(Booking.java:80)
at ✽.verify the invalid data(file:///C:/Users/hp/eclipse-workspace/AgileQADelivery-TTP1QESA2520-Group5/src/test/java/com/cab/cucumber/features/Booking.feature:19)
]]>
            </full-stacktrace>
          </exception> <!-- java.lang.AssertionError -->
          <reporter-output>
          </reporter-output>
        </test-method> <!-- runScenario -->
        <test-method signature="runScenario(io.cucumber.testng.PickleWrapper,io.cucumber.testng.FeatureWrapper)[pri:0, instance:com.cab.cucumber.runners.RunnerUsingTestNG@b2c9a9c]" started-at="2025-08-04T10:03:34 IST" name="runScenario" description="Runs Cucumber Scenarios" data-provider="scenarios" finished-at="2025-08-04T10:03:37 IST" duration-ms="3202" status="FAIL">
          <params>
            <param index="0">
              <value>
                <![CDATA["Verify all the present fields with invalid input"]]>
              </value>
            </param>
            <param index="1">
              <value>
                <![CDATA["Booking Functionality"]]>
              </value>
            </param>
          </params>
          <exception class="java.lang.AssertionError">
            <message>
              <![CDATA[expected [true] but found [false]]]>
            </message>
            <full-stacktrace>
              <![CDATA[java.lang.AssertionError: expected [true] but found [false]
at org.testng.Assert.fail(Assert.java:111)
at org.testng.Assert.failNotEquals(Assert.java:1578)
at org.testng.Assert.assertTrue(Assert.java:57)
at org.testng.Assert.assertTrue(Assert.java:67)
at com.cab.cucumber.definitions.Booking.verify_the_invalid_data(Booking.java:80)
at ✽.verify the invalid data(file:///C:/Users/hp/eclipse-workspace/AgileQADelivery-TTP1QESA2520-Group5/src/test/java/com/cab/cucumber/features/Booking.feature:19)
]]>
            </full-stacktrace>
          </exception> <!-- java.lang.AssertionError -->
          <reporter-output>
          </reporter-output>
        </test-method> <!-- runScenario -->
        <test-method signature="runScenario(io.cucumber.testng.PickleWrapper,io.cucumber.testng.FeatureWrapper)[pri:0, instance:com.cab.cucumber.runners.RunnerUsingTestNG@b2c9a9c]" started-at="2025-08-04T10:03:37 IST" name="runScenario" description="Runs Cucumber Scenarios" data-provider="scenarios" finished-at="2025-08-04T10:03:42 IST" duration-ms="4464" status="FAIL">
          <params>
            <param index="0">
              <value>
                <![CDATA["Verify all the present fields with invalid input"]]>
              </value>
            </param>
            <param index="1">
              <value>
                <![CDATA["Booking Functionality"]]>
              </value>
            </param>
          </params>
          <exception class="java.lang.AssertionError">
            <message>
              <![CDATA[expected [true] but found [false]]]>
            </message>
            <full-stacktrace>
              <![CDATA[java.lang.AssertionError: expected [true] but found [false]
at org.testng.Assert.fail(Assert.java:111)
at org.testng.Assert.failNotEquals(Assert.java:1578)
at org.testng.Assert.assertTrue(Assert.java:57)
at org.testng.Assert.assertTrue(Assert.java:67)
at com.cab.cucumber.definitions.Booking.verify_the_invalid_data(Booking.java:80)
at ✽.verify the invalid data(file:///C:/Users/hp/eclipse-workspace/AgileQADelivery-TTP1QESA2520-Group5/src/test/java/com/cab/cucumber/features/Booking.feature:19)
]]>
            </full-stacktrace>
          </exception> <!-- java.lang.AssertionError -->
          <reporter-output>
          </reporter-output>
        </test-method> <!-- runScenario -->
        <test-method signature="runScenario(io.cucumber.testng.PickleWrapper,io.cucumber.testng.FeatureWrapper)[pri:0, instance:com.cab.cucumber.runners.RunnerUsingTestNG@b2c9a9c]" started-at="2025-08-04T10:03:42 IST" name="runScenario" description="Runs Cucumber Scenarios" data-provider="scenarios" finished-at="2025-08-04T10:03:45 IST" duration-ms="3114" status="FAIL">
          <params>
            <param index="0">
              <value>
                <![CDATA["Verify all the present fields with invalid input"]]>
              </value>
            </param>
            <param index="1">
              <value>
                <![CDATA["Booking Functionality"]]>
              </value>
            </param>
          </params>
          <exception class="java.lang.AssertionError">
            <message>
              <![CDATA[expected [true] but found [false]]]>
            </message>
            <full-stacktrace>
              <![CDATA[java.lang.AssertionError: expected [true] but found [false]
at org.testng.Assert.fail(Assert.java:111)
at org.testng.Assert.failNotEquals(Assert.java:1578)
at org.testng.Assert.assertTrue(Assert.java:57)
at org.testng.Assert.assertTrue(Assert.java:67)
at com.cab.cucumber.definitions.Booking.verify_the_invalid_data(Booking.java:80)
at ✽.verify the invalid data(file:///C:/Users/hp/eclipse-workspace/AgileQADelivery-TTP1QESA2520-Group5/src/test/java/com/cab/cucumber/features/Booking.feature:19)
]]>
            </full-stacktrace>
          </exception> <!-- java.lang.AssertionError -->
          <reporter-output>
          </reporter-output>
        </test-method> <!-- runScenario -->
        <test-method signature="runScenario(io.cucumber.testng.PickleWrapper,io.cucumber.testng.FeatureWrapper)[pri:0, instance:com.cab.cucumber.runners.RunnerUsingTestNG@b2c9a9c]" started-at="2025-08-04T10:03:45 IST" name="runScenario" description="Runs Cucumber Scenarios" data-provider="scenarios" finished-at="2025-08-04T10:03:48 IST" duration-ms="3048" status="FAIL">
          <params>
            <param index="0">
              <value>
                <![CDATA["Verify all the present fields with invalid input"]]>
              </value>
            </param>
            <param index="1">
              <value>
                <![CDATA["Booking Functionality"]]>
              </value>
            </param>
          </params>
          <exception class="java.lang.AssertionError">
            <message>
              <![CDATA[expected [true] but found [false]]]>
            </message>
            <full-stacktrace>
              <![CDATA[java.lang.AssertionError: expected [true] but found [false]
at org.testng.Assert.fail(Assert.java:111)
at org.testng.Assert.failNotEquals(Assert.java:1578)
at org.testng.Assert.assertTrue(Assert.java:57)
at org.testng.Assert.assertTrue(Assert.java:67)
at com.cab.cucumber.definitions.Booking.verify_the_invalid_data(Booking.java:80)
at ✽.verify the invalid data(file:///C:/Users/hp/eclipse-workspace/AgileQADelivery-TTP1QESA2520-Group5/src/test/java/com/cab/cucumber/features/Booking.feature:19)
]]>
            </full-stacktrace>
          </exception> <!-- java.lang.AssertionError -->
          <reporter-output>
          </reporter-output>
        </test-method> <!-- runScenario -->
        <test-method signature="runScenario(io.cucumber.testng.PickleWrapper,io.cucumber.testng.FeatureWrapper)[pri:0, instance:com.cab.cucumber.runners.RunnerUsingTestNG@b2c9a9c]" started-at="2025-08-04T10:03:48 IST" name="runScenario" description="Runs Cucumber Scenarios" data-provider="scenarios" finished-at="2025-08-04T10:03:51 IST" duration-ms="3326" status="FAIL">
          <params>
            <param index="0">
              <value>
                <![CDATA["Verify all the present fields with invalid input"]]>
              </value>
            </param>
            <param index="1">
              <value>
                <![CDATA["Booking Functionality"]]>
              </value>
            </param>
          </params>
          <exception class="java.lang.AssertionError">
            <message>
              <![CDATA[expected [true] but found [false]]]>
            </message>
            <full-stacktrace>
              <![CDATA[java.lang.AssertionError: expected [true] but found [false]
at org.testng.Assert.fail(Assert.java:111)
at org.testng.Assert.failNotEquals(Assert.java:1578)
at org.testng.Assert.assertTrue(Assert.java:57)
at org.testng.Assert.assertTrue(Assert.java:67)
at com.cab.cucumber.definitions.Booking.verify_the_invalid_data(Booking.java:80)
at ✽.verify the invalid data(file:///C:/Users/hp/eclipse-workspace/AgileQADelivery-TTP1QESA2520-Group5/src/test/java/com/cab/cucumber/features/Booking.feature:19)
]]>
            </full-stacktrace>
          </exception> <!-- java.lang.AssertionError -->
          <reporter-output>
          </reporter-output>
        </test-method> <!-- runScenario -->
        <test-method signature="runScenario(io.cucumber.testng.PickleWrapper,io.cucumber.testng.FeatureWrapper)[pri:0, instance:com.cab.cucumber.runners.RunnerUsingTestNG@b2c9a9c]" started-at="2025-08-04T10:03:51 IST" name="runScenario" description="Runs Cucumber Scenarios" data-provider="scenarios" finished-at="2025-08-04T10:03:54 IST" duration-ms="3120" status="FAIL">
          <params>
            <param index="0">
              <value>
                <![CDATA["Verify all the present fields with invalid input"]]>
              </value>
            </param>
            <param index="1">
              <value>
                <![CDATA["Booking Functionality"]]>
              </value>
            </param>
          </params>
          <exception class="java.lang.AssertionError">
            <message>
              <![CDATA[expected [true] but found [false]]]>
            </message>
            <full-stacktrace>
              <![CDATA[java.lang.AssertionError: expected [true] but found [false]
at org.testng.Assert.fail(Assert.java:111)
at org.testng.Assert.failNotEquals(Assert.java:1578)
at org.testng.Assert.assertTrue(Assert.java:57)
at org.testng.Assert.assertTrue(Assert.java:67)
at com.cab.cucumber.definitions.Booking.verify_the_invalid_data(Booking.java:80)
at ✽.verify the invalid data(file:///C:/Users/hp/eclipse-workspace/AgileQADelivery-TTP1QESA2520-Group5/src/test/java/com/cab/cucumber/features/Booking.feature:19)
]]>
            </full-stacktrace>
          </exception> <!-- java.lang.AssertionError -->
          <reporter-output>
          </reporter-output>
        </test-method> <!-- runScenario -->
        <test-method signature="runScenario(io.cucumber.testng.PickleWrapper,io.cucumber.testng.FeatureWrapper)[pri:0, instance:com.cab.cucumber.runners.RunnerUsingTestNG@b2c9a9c]" started-at="2025-08-04T10:03:54 IST" name="runScenario" description="Runs Cucumber Scenarios" data-provider="scenarios" finished-at="2025-08-04T10:03:57 IST" duration-ms="2974" status="FAIL">
          <params>
            <param index="0">
              <value>
                <![CDATA["Verify all the present fields with invalid input"]]>
              </value>
            </param>
            <param index="1">
              <value>
                <![CDATA["Booking Functionality"]]>
              </value>
            </param>
          </params>
          <exception class="java.lang.AssertionError">
            <message>
              <![CDATA[expected [true] but found [false]]]>
            </message>
            <full-stacktrace>
              <![CDATA[java.lang.AssertionError: expected [true] but found [false]
at org.testng.Assert.fail(Assert.java:111)
at org.testng.Assert.failNotEquals(Assert.java:1578)
at org.testng.Assert.assertTrue(Assert.java:57)
at org.testng.Assert.assertTrue(Assert.java:67)
at com.cab.cucumber.definitions.Booking.verify_the_invalid_data(Booking.java:80)
at ✽.verify the invalid data(file:///C:/Users/hp/eclipse-workspace/AgileQADelivery-TTP1QESA2520-Group5/src/test/java/com/cab/cucumber/features/Booking.feature:19)
]]>
            </full-stacktrace>
          </exception> <!-- java.lang.AssertionError -->
          <reporter-output>
          </reporter-output>
        </test-method> <!-- runScenario -->
        <test-method signature="runScenario(io.cucumber.testng.PickleWrapper,io.cucumber.testng.FeatureWrapper)[pri:0, instance:com.cab.cucumber.runners.RunnerUsingTestNG@b2c9a9c]" started-at="2025-08-04T10:03:57 IST" name="runScenario" description="Runs Cucumber Scenarios" data-provider="scenarios" finished-at="2025-08-04T10:04:00 IST" duration-ms="3068" status="FAIL">
          <params>
            <param index="0">
              <value>
                <![CDATA["Verify all the present fields with invalid input"]]>
              </value>
            </param>
            <param index="1">
              <value>
                <![CDATA["Booking Functionality"]]>
              </value>
            </param>
          </params>
          <exception class="java.lang.AssertionError">
            <message>
              <![CDATA[expected [true] but found [false]]]>
            </message>
            <full-stacktrace>
              <![CDATA[java.lang.AssertionError: expected [true] but found [false]
at org.testng.Assert.fail(Assert.java:111)
at org.testng.Assert.failNotEquals(Assert.java:1578)
at org.testng.Assert.assertTrue(Assert.java:57)
at org.testng.Assert.assertTrue(Assert.java:67)
at com.cab.cucumber.definitions.Booking.verify_the_invalid_data(Booking.java:80)
at ✽.verify the invalid data(file:///C:/Users/hp/eclipse-workspace/AgileQADelivery-TTP1QESA2520-Group5/src/test/java/com/cab/cucumber/features/Booking.feature:19)
]]>
            </full-stacktrace>
          </exception> <!-- java.lang.AssertionError -->
          <reporter-output>
          </reporter-output>
        </test-method> <!-- runScenario -->
        <test-method signature="runScenario(io.cucumber.testng.PickleWrapper,io.cucumber.testng.FeatureWrapper)[pri:0, instance:com.cab.cucumber.runners.RunnerUsingTestNG@b2c9a9c]" started-at="2025-08-04T10:04:00 IST" name="runScenario" description="Runs Cucumber Scenarios" data-provider="scenarios" finished-at="2025-08-04T10:04:07 IST" duration-ms="7012" status="PASS">
          <params>
            <param index="0">
              <value>
                <![CDATA["Verify all the present fields with blank input"]]>
              </value>
            </param>
            <param index="1">
              <value>
                <![CDATA["Booking Functionality"]]>
              </value>
            </param>
          </params>
          <reporter-output>
          </reporter-output>
        </test-method> <!-- runScenario -->
        <test-method signature="runScenario(io.cucumber.testng.PickleWrapper,io.cucumber.testng.FeatureWrapper)[pri:0, instance:com.cab.cucumber.runners.RunnerUsingTestNG@b2c9a9c]" started-at="2025-08-04T10:04:07 IST" name="runScenario" description="Runs Cucumber Scenarios" data-provider="scenarios" finished-at="2025-08-04T10:04:09 IST" duration-ms="2235" status="PASS">
          <params>
            <param index="0">
              <value>
                <![CDATA["Verify Mini Car Service Link"]]>
              </value>
            </param>
            <param index="1">
              <value>
                <![CDATA["cab services"]]>
              </value>
            </param>
          </params>
          <reporter-output>
          </reporter-output>
        </test-method> <!-- runScenario -->
        <test-method signature="runScenario(io.cucumber.testng.PickleWrapper,io.cucumber.testng.FeatureWrapper)[pri:0, instance:com.cab.cucumber.runners.RunnerUsingTestNG@b2c9a9c]" started-at="2025-08-04T10:04:09 IST" name="runScenario" description="Runs Cucumber Scenarios" data-provider="scenarios" finished-at="2025-08-04T10:04:12 IST" duration-ms="2367" status="PASS">
          <params>
            <param index="0">
              <value>
                <![CDATA["Verify Mini Car Service Link"]]>
              </value>
            </param>
            <param index="1">
              <value>
                <![CDATA["cab services"]]>
              </value>
            </param>
          </params>
          <reporter-output>
          </reporter-output>
        </test-method> <!-- runScenario -->
        <test-method signature="runScenario(io.cucumber.testng.PickleWrapper,io.cucumber.testng.FeatureWrapper)[pri:0, instance:com.cab.cucumber.runners.RunnerUsingTestNG@b2c9a9c]" started-at="2025-08-04T10:04:12 IST" name="runScenario" description="Runs Cucumber Scenarios" data-provider="scenarios" finished-at="2025-08-04T10:04:14 IST" duration-ms="2233" status="PASS">
          <params>
            <param index="0">
              <value>
                <![CDATA["Verify Mini Car Service Link"]]>
              </value>
            </param>
            <param index="1">
              <value>
                <![CDATA["cab services"]]>
              </value>
            </param>
          </params>
          <reporter-output>
          </reporter-output>
        </test-method> <!-- runScenario -->
        <test-method signature="runScenario(io.cucumber.testng.PickleWrapper,io.cucumber.testng.FeatureWrapper)[pri:0, instance:com.cab.cucumber.runners.RunnerUsingTestNG@b2c9a9c]" started-at="2025-08-04T10:04:14 IST" name="runScenario" description="Runs Cucumber Scenarios" data-provider="scenarios" finished-at="2025-08-04T10:04:17 IST" duration-ms="2550" status="PASS">
          <params>
            <param index="0">
              <value>
                <![CDATA["Verify Mini Car Service Link"]]>
              </value>
            </param>
            <param index="1">
              <value>
                <![CDATA["cab services"]]>
              </value>
            </param>
          </params>
          <reporter-output>
          </reporter-output>
        </test-method> <!-- runScenario -->
        <test-method is-config="true" signature="tearDownClass()[pri:0, instance:com.cab.cucumber.runners.RunnerUsingTestNG@b2c9a9c]" started-at="2025-08-04T10:04:17 IST" name="tearDownClass" finished-at="2025-08-04T10:04:17 IST" duration-ms="289" status="PASS">
          <reporter-output>
          </reporter-output>
        </test-method> <!-- tearDownClass -->
      </class> <!-- com.cab.cucumber.runners.RunnerUsingTestNG -->
    </test> <!-- Default test -->
  </suite> <!-- Default suite -->
</testng-results>
